This is pdfTeX, Version 3.14159265-2.6-1.40.15 (TeX Live 2014) (preloaded format=pdflatex 2014.5.25)  1 JUN 2015 15:20
entering extended mode
 restricted \write18 enabled.
 file:line:error style messages enabled.
 %&-line parsing enabled.
**Research.tex
(./Research.tex
LaTeX2e <2014/05/01>
Babel <3.9k> and hyphenation patterns for 78 languages loaded.
(/usr/local/texlive/2014/texmf-dist/tex/latex/base/article.cls
Document Class: article 2007/10/19 v1.4h Standard LaTeX document class
(/usr/local/texlive/2014/texmf-dist/tex/latex/base/size10.clo
File: size10.clo 2007/10/19 v1.4h Standard LaTeX file (size option)
)
\c@part=\count79
\c@section=\count80
\c@subsection=\count81
\c@subsubsection=\count82
\c@paragraph=\count83
\c@subparagraph=\count84
\c@figure=\count85
\c@table=\count86
\abovecaptionskip=\skip41
\belowcaptionskip=\skip42
\bibindent=\dimen102
)
(/usr/local/texlive/2014/texmf-dist/tex/latex/amsmath/amsmath.sty
Package: amsmath 2013/01/14 v2.14 AMS math features
\@mathmargin=\skip43

For additional information on amsmath, use the `?' option.
(/usr/local/texlive/2014/texmf-dist/tex/latex/amsmath/amstext.sty
Package: amstext 2000/06/29 v2.01

(/usr/local/texlive/2014/texmf-dist/tex/latex/amsmath/amsgen.sty
File: amsgen.sty 1999/11/30 v2.0
\@emptytoks=\toks14
\ex@=\dimen103
))
(/usr/local/texlive/2014/texmf-dist/tex/latex/amsmath/amsbsy.sty
Package: amsbsy 1999/11/29 v1.2d
\pmbraise@=\dimen104
)
(/usr/local/texlive/2014/texmf-dist/tex/latex/amsmath/amsopn.sty
Package: amsopn 1999/12/14 v2.01 operator names
)
\inf@bad=\count87
LaTeX Info: Redefining \frac on input line 210.
\uproot@=\count88
\leftroot@=\count89
LaTeX Info: Redefining \overline on input line 306.
\classnum@=\count90
\DOTSCASE@=\count91
LaTeX Info: Redefining \ldots on input line 378.
LaTeX Info: Redefining \dots on input line 381.
LaTeX Info: Redefining \cdots on input line 466.
\Mathstrutbox@=\box26
\strutbox@=\box27
\big@size=\dimen105
LaTeX Font Info:    Redeclaring font encoding OML on input line 566.
LaTeX Font Info:    Redeclaring font encoding OMS on input line 567.
\macc@depth=\count92
\c@MaxMatrixCols=\count93
\dotsspace@=\muskip10
\c@parentequation=\count94
\dspbrk@lvl=\count95
\tag@help=\toks15
\row@=\count96
\column@=\count97
\maxfields@=\count98
\andhelp@=\toks16
\eqnshift@=\dimen106
\alignsep@=\dimen107
\tagshift@=\dimen108
\tagwidth@=\dimen109
\totwidth@=\dimen110
\lineht@=\dimen111
\@envbody=\toks17
\multlinegap=\skip44
\multlinetaggap=\skip45
\mathdisplay@stack=\toks18
LaTeX Info: Redefining \[ on input line 2665.
LaTeX Info: Redefining \] on input line 2666.
)
No file Research.aux.
\openout1 = `Research.aux'.

LaTeX Font Info:    Checking defaults for OML/cmm/m/it on input line 15.
LaTeX Font Info:    ... okay on input line 15.
LaTeX Font Info:    Checking defaults for T1/cmr/m/n on input line 15.
LaTeX Font Info:    ... okay on input line 15.
LaTeX Font Info:    Checking defaults for OT1/cmr/m/n on input line 15.
LaTeX Font Info:    ... okay on input line 15.
LaTeX Font Info:    Checking defaults for OMS/cmsy/m/n on input line 15.
LaTeX Font Info:    ... okay on input line 15.
LaTeX Font Info:    Checking defaults for OMX/cmex/m/n on input line 15.
LaTeX Font Info:    ... okay on input line 15.
LaTeX Font Info:    Checking defaults for U/cmr/m/n on input line 15.
LaTeX Font Info:    ... okay on input line 15.

Overfull \hbox (7.03038pt too wide) in paragraph at lines 37--37
[] 
 []


Overfull \hbox (90.28873pt too wide) in paragraph at lines 43--43
[] 
 []


Overfull \hbox (23.87006pt too wide) in paragraph at lines 45--46
[]\OT1/cmr/m/n/10 Since we know $E []$ and $E []$, the only term we don't know 
is $E []$.
 []

[1

{/usr/local/texlive/2014/texmf-var/fonts/map/pdftex/updmap/pdftex.map}]
Overfull \hbox (30.87964pt too wide) in paragraph at lines 49--49
[]\OT1/cmr/bx/n/14.4 Approximations Re-gard-ing Ran-dom Edge Weights
 []


Overfull \hbox (46.06078pt too wide) in paragraph at lines 69--70
\OT1/cmr/m/n/10 tion. Sim-i-larly, a third-order ap-prox-i-ma-tion also de-pend
s on $\OML/cmm/m/it/10 M[]\OT1/cmr/m/n/10 E [] \OML/cmm/m/it/10 M[]$\OT1/cmr/m/
n/10 ,
 []

[2]
Overfull \hbox (57.86139pt too wide) in paragraph at lines 71--72
[]\OT1/cmr/m/n/10 The vari-ance of the first-order ap-prox-i-ma-tion of $[][]$ 
is $[] [] =
 []


Overfull \hbox (24.3473pt too wide) in paragraph at lines 71--72
[] [] \OT1/cmr/m/n/10 = E [] \OMS/cmsy/m/n/10 ^^@ \OT1/cmr/m/n/10 E [][] = E []
 \OMS/cmsy/m/n/10 ^^@
 []


Overfull \hbox (97.0413pt too wide) in paragraph at lines 79--79
[] 
 []


Overfull \hbox (25.59174pt too wide) in paragraph at lines 81--82
\OT1/cmr/m/n/10 er-ror is $[][](\OML/cmm/m/it/10 M[]E\OT1/cmr/m/n/10 )[]\OML/cm
m/m/it/10 M[] \OT1/cmr/m/n/10 = (\OML/cmm/m/it/10 M[]E\OT1/cmr/m/n/10 )[] [][](
\OML/cmm/m/it/10 M[]E\OT1/cmr/m/n/10 )[]\OML/cmm/m/it/10 M[] \OT1/cmr/m/n/10 = 
(\OML/cmm/m/it/10 M[]E\OT1/cmr/m/n/10 )[](\OML/cmm/m/it/10 M \OMS/cmsy/m/n/10 ^
^@
 []

[3]
Overfull \hbox (47.94124pt too wide) in paragraph at lines 110--111
\OML/cmm/m/it/10 v \OT1/cmr/m/n/10 + [][] \OML/cmm/m/it/10 []\OT1/cmr/m/n/10 (
\OML/cmm/m/it/10 P[]v \OMS/cmsy/m/n/10 ^^@ \OML/cmm/m/it/10 P[]v\OT1/cmr/m/n/10
 ) = \OML/cmm/m/it/10 v \OT1/cmr/m/n/10 + [][] \OML/cmm/m/it/10 []P[]\OT1/cmr/
m/n/10 (\OML/cmm/m/it/10 P \OMS/cmsy/m/n/10 ^^@ \OML/cmm/m/it/10 I\OT1/cmr/m/n/
10 )\OML/cmm/m/it/10 v \OT1/cmr/m/n/10 = [] \OML/cmm/m/it/10 v \OT1/cmr/m/n/10 
=
 []

[4] (./Research.aux) ) 
Here is how much of TeX's memory you used:
 816 strings out of 493117
 9101 string characters out of 6135433
 71903 words of memory out of 5000000
 4347 multiletter control sequences out of 15000+600000
 4699 words of font info for 18 fonts, out of 8000000 for 9000
 1141 hyphenation exceptions out of 8191
 27i,10n,20p,661b,121s stack positions out of 5000i,500n,10000p,200000b,80000s
</usr/local/texlive/2014/texmf-dist/fonts/type1/public/am
sfonts/cm/cmbx12.pfb></usr/local/texlive/2014/texmf-dist/fonts/type1/public/ams
fonts/cm/cmex10.pfb></usr/local/texlive/2014/texmf-dist/fonts/type1/public/amsf
onts/cm/cmmi10.pfb></usr/local/texlive/2014/texmf-dist/fonts/type1/public/amsfo
nts/cm/cmmi7.pfb></usr/local/texlive/2014/texmf-dist/fonts/type1/public/amsfont
s/cm/cmr10.pfb></usr/local/texlive/2014/texmf-dist/fonts/type1/public/amsfonts/
cm/cmr5.pfb></usr/local/texlive/2014/texmf-dist/fonts/type1/public/amsfonts/cm/
cmr7.pfb></usr/local/texlive/2014/texmf-dist/fonts/type1/public/amsfonts/cm/cms
y10.pfb></usr/local/texlive/2014/texmf-dist/fonts/type1/public/amsfonts/cm/cmsy
7.pfb>
Output written on Research.pdf (4 pages, 110330 bytes).
PDF statistics:
 53 PDF objects out of 1000 (max. 8388607)
 37 compressed objects within 1 object stream
 0 named destinations out of 1000 (max. 500000)
 1 words of extra memory for PDF output out of 10000 (max. 10000000)

